<?xml version="1.0" encoding="UTF-8"?>
<!-- Generated by org.testng.reporters.JUnitReportReporter -->
<testsuite hostname="DESKTOP-G9L5PQ2" failures="0" tests="4" name="TestCases.ParallelTest" time="64.948" errors="0" timestamp="2023-01-07T17:49:25 IST" skipped="0">
  <testcase classname="TestCases.ParallelTest" name="setup1" time="23.546"/>
  <testcase classname="TestCases.ParallelTest" name="setup3" time="24.163"/>
  <testcase classname="TestCases.ParallelTest" name="setup4" time="8.600"/>
  <testcase classname="TestCases.ParallelTest" name="setup2" time="8.639"/>
</testsuite> <!-- TestCases.ParallelTest -->
