<?xml version="1.0" encoding="UTF-8"?>
<!-- Generated by org.testng.reporters.JUnitReportReporter -->
<testsuite hostname="DESKTOP-G9L5PQ2" failures="0" tests="5" name="TestCases.PriorityTest" time="53.728" errors="0" timestamp="2023-01-04T23:05:41 IST" skipped="0">
  <testcase classname="TestCases.PriorityTest" name="veriFyBotLogoTest" time="17.687"/>
  <testcase classname="TestCases.PriorityTest" name="verifyCurrentUrlTest" time="2.996"/>
  <testcase classname="TestCases.PriorityTest" name="loginToAppTest" time="27.474"/>
  <testcase classname="TestCases.PriorityTest" name="verifyTitleTest" time="3.555"/>
  <testcase classname="TestCases.PriorityTest" name="verifyLoginLogoTest" time="2.016"/>
</testsuite> <!-- TestCases.PriorityTest -->
