<?xml version="1.0" encoding="UTF-8"?>
<!-- Generated by org.testng.reporters.JUnitReportReporter -->
<testsuite hostname="DESKTOP-G9L5PQ2" failures="0" tests="1" name="TestCases.FailedTestCase" time="1.941" errors="0" timestamp="2023-01-06T15:00:08 IST" skipped="0">
  <testcase classname="TestCases.FailedTestCase" name="verifypeekLogoTest" time="1.941"/>
</testsuite> <!-- TestCases.FailedTestCase -->
