<?xml version="1.0" encoding="UTF-8"?>
<!-- Generated by org.testng.reporters.JUnitReportReporter -->
<testsuite hostname="DESKTOP-G9L5PQ2" failures="0" tests="2" name="TestCases.CheckOutPage1Test" time="30.928" errors="0" timestamp="2023-01-13T23:12:55 IST" skipped="0">
  <testcase classname="TestCases.CheckOutPage1Test" name="verifycheckOutInfomationLableTest" time="13.902"/>
  <testcase classname="TestCases.CheckOutPage1Test" name="verifycheckOutInfomationTest" time="17.026"/>
</testsuite> <!-- TestCases.CheckOutPage1Test -->
