<?xml version="1.0" encoding="UTF-8"?>
<!-- Generated by org.testng.reporters.JUnitReportReporter -->
<testsuite hostname="DESKTOP-G9L5PQ2" failures="0" tests="2" name="TestCases.GroupTest2" time="21.702" errors="0" timestamp="2023-01-06T15:16:50 IST" skipped="0">
  <testcase classname="TestCases.GroupTest2" name="verifyLoginLogoTest" time="3.525"/>
  <testcase classname="TestCases.GroupTest2" name="loginToAppTest" time="18.177"/>
</testsuite> <!-- TestCases.GroupTest2 -->
