<?xml version="1.0" encoding="UTF-8"?>
<!-- Generated by org.testng.reporters.JUnitReportReporter -->
<testsuite hostname="DESKTOP-G9L5PQ2" failures="0" tests="9" name="TestCases.InventryPageTest" time="44.596" errors="0" timestamp="2023-01-12T22:45:03 IST" skipped="5">
  <testcase classname="TestCases.InventryPageTest" name="addProductTest" time="11.122"/>
  <testcase classname="TestCases.InventryPageTest" name="cartLinkClickTest" time="18.603"/>
  <testcase classname="TestCases.InventryPageTest" name="removeProductTest" time="10.661"/>
  <testcase classname="TestCases.InventryPageTest" name="verifyProductLableOfInventryTest" time="4.210"/>
  <testcase classname="TestCases.InventryPageTest" name="verifyLinkedInLogoTest">
    <skipped/>
  </testcase> <!-- verifyLinkedInLogoTest -->
  <testcase classname="TestCases.InventryPageTest" name="verifyFacebookLogoTest">
    <skipped/>
  </testcase> <!-- verifyFacebookLogoTest -->
  <testcase classname="TestCases.InventryPageTest" name="verifyTwitterLogoTest">
    <skipped/>
  </testcase> <!-- verifyTwitterLogoTest -->
  <testcase classname="TestCases.InventryPageTest" name="verifyFooterLogoTest">
    <skipped/>
  </testcase> <!-- verifyFooterLogoTest -->
  <testcase classname="TestCases.InventryPageTest" name="verifypeekLogoTest">
    <skipped/>
  </testcase> <!-- verifypeekLogoTest -->
</testsuite> <!-- TestCases.InventryPageTest -->
