<?xml version="1.0" encoding="UTF-8"?>
<!-- Generated by org.testng.reporters.JUnitReportReporter -->
<testsuite hostname="DESKTOP-G9L5PQ2" failures="0" tests="1" name="TestCases.LoginPageTest" time="5.277" errors="0" timestamp="2023-01-13T22:27:03 IST" skipped="0">
  <testcase classname="TestCases.LoginPageTest" name="verifyLoginLogoTest" time="5.277"/>
</testsuite> <!-- TestCases.LoginPageTest -->
