<?xml version="1.0" encoding="UTF-8"?>
<!-- Generated by org.testng.reporters.JUnitReportReporter -->
<testsuite hostname="DESKTOP-G9L5PQ2" failures="0" tests="5" name="TestCases.CartLinkPageTest" time="87.618" errors="0" timestamp="2023-01-13T23:08:18 IST" skipped="0">
  <testcase classname="TestCases.CartLinkPageTest" name="verifyCartPageUrlTest" time="26.551"/>
  <testcase classname="TestCases.CartLinkPageTest" name="verifylableTest" time="25.990"/>
  <testcase classname="TestCases.CartLinkPageTest" name="verifyCheckoutBtn" time="13.514"/>
  <testcase classname="TestCases.CartLinkPageTest" name="verifycontinueShoppingBtnTest" time="10.746"/>
  <testcase classname="TestCases.CartLinkPageTest" name="verifyCheckoutBtnTest1" time="10.817"/>
</testsuite> <!-- TestCases.CartLinkPageTest -->
